<?xml version="1.0" encoding="UTF-8"?>
<!-- Generated by org.testng.reporters.JUnitReportReporter -->
<testsuite hostname="DESKTOP-MF55OKA" failures="0" tests="1" name="testcase.LoginTestCase" time="6.207" errors="0" timestamp="2024-02-11T19:03:24 NPT" skipped="0">
  <testcase classname="testcase.LoginTestCase" name="test_login" time="6.207"/>
  <system-out/>
</testsuite> <!-- testcase.LoginTestCase -->
