<?xml version="1.0" encoding="UTF-8"?>
<!-- Generated by org.testng.reporters.JUnitReportReporter -->
<testsuite hostname="DESKTOP-MF55OKA" failures="0" tests="1" name="testcase.AddToCartTestCase" time="10.560" errors="0" timestamp="2024-02-11T17:55:38 NPT" skipped="0">
  <testcase classname="testcase.AddToCartTestCase" name="test_addToCart" time="10.560"/>
  <system-out/>
</testsuite> <!-- testcase.AddToCartTestCase -->
